Determining if the pthread_create exist failed with the following output:
Change Dir: /home/get/robocup-navigation/catkin_ws/build/CMakeFiles/CMakeTmp

Run Build Command:"/usr/bin/make" "cmTC_fada7/fast"
/usr/bin/make -f CMakeFiles/cmTC_fada7.dir/build.make CMakeFiles/cmTC_fada7.dir/build
make[1]: Entering directory '/home/get/robocup-navigation/catkin_ws/build/CMakeFiles/CMakeTmp'
Building C object CMakeFiles/cmTC_fada7.dir/CheckSymbolExists.c.o
/usr/bin/cc    -o CMakeFiles/cmTC_fada7.dir/CheckSymbolExists.c.o   -c /home/get/robocup-navigation/catkin_ws/build/CMakeFiles/CMakeTmp/CheckSymbolExists.c
Linking C executable cmTC_fada7
/usr/bin/cmake -E cmake_link_script CMakeFiles/cmTC_fada7.dir/link.txt --verbose=1
/usr/bin/cc      -rdynamic CMakeFiles/cmTC_fada7.dir/CheckSymbolExists.c.o  -o cmTC_fada7 
CMakeFiles/cmTC_fada7.dir/CheckSymbolExists.c.o: In function `main':
CheckSymbolExists.c:(.text+0x1b): undefined reference to `pthread_create'
collect2: error: ld returned 1 exit status
CMakeFiles/cmTC_fada7.dir/build.make:97: recipe for target 'cmTC_fada7' failed
make[1]: *** [cmTC_fada7] Error 1
make[1]: Leaving directory '/home/get/robocup-navigation/catkin_ws/build/CMakeFiles/CMakeTmp'
Makefile:126: recipe for target 'cmTC_fada7/fast' failed
make: *** [cmTC_fada7/fast] Error 2

File /home/get/robocup-navigation/catkin_ws/build/CMakeFiles/CMakeTmp/CheckSymbolExists.c:
/* */
#include <pthread.h>

int main(int argc, char** argv)
{
  (void)argv;
#ifndef pthread_create
  return ((int*)(&pthread_create))[argc];
#else
  (void)argc;
  return 0;
#endif
}

Determining if the function pthread_create exists in the pthreads failed with the following output:
Change Dir: /home/get/robocup-navigation/catkin_ws/build/CMakeFiles/CMakeTmp

Run Build Command:"/usr/bin/make" "cmTC_d4c9b/fast"
/usr/bin/make -f CMakeFiles/cmTC_d4c9b.dir/build.make CMakeFiles/cmTC_d4c9b.dir/build
make[1]: Entering directory '/home/get/robocup-navigation/catkin_ws/build/CMakeFiles/CMakeTmp'
Building C object CMakeFiles/cmTC_d4c9b.dir/CheckFunctionExists.c.o
/usr/bin/cc   -DCHECK_FUNCTION_EXISTS=pthread_create   -o CMakeFiles/cmTC_d4c9b.dir/CheckFunctionExists.c.o   -c /usr/share/cmake-3.10/Modules/CheckFunctionExists.c
Linking C executable cmTC_d4c9b
/usr/bin/cmake -E cmake_link_script CMakeFiles/cmTC_d4c9b.dir/link.txt --verbose=1
/usr/bin/cc  -DCHECK_FUNCTION_EXISTS=pthread_create    -rdynamic CMakeFiles/cmTC_d4c9b.dir/CheckFunctionExists.c.o  -o cmTC_d4c9b -lpthreads 
/usr/bin/ld: cannot find -lpthreads
collect2: error: ld returned 1 exit status
CMakeFiles/cmTC_d4c9b.dir/build.make:97: recipe for target 'cmTC_d4c9b' failed
make[1]: *** [cmTC_d4c9b] Error 1
make[1]: Leaving directory '/home/get/robocup-navigation/catkin_ws/build/CMakeFiles/CMakeTmp'
Makefile:126: recipe for target 'cmTC_d4c9b/fast' failed
make: *** [cmTC_d4c9b/fast] Error 2


